SF:lib/core/constants/assets_constants.dart
DA:2,0
LF:1
LH:0
end_of_record
SF:lib/core/constants/keys_constants.dart
DA:2,0
LF:1
LH:0
end_of_record
SF:lib/core/constants/lottie_constants.dart
DA:2,0
LF:1
LH:0
end_of_record
SF:lib/core/constants/routes_constants.dart
DA:2,0
LF:1
LH:0
end_of_record
SF:lib/core/enum/service_status.dart
DA:2,5
LF:1
LH:1
end_of_record
SF:lib/core/helpers/distance_helper/distance_helper_calculate.dart
DA:6,1
DA:10,1
DA:17,2
DA:18,1
DA:19,4
DA:26,2
DA:28,4
LF:7
LH:7
end_of_record
SF:lib/core/helpers/internet_helper/dialog_button_internet_checker.dart
DA:5,0
DA:6,0
DA:7,0
DA:8,0
LF:4
LH:0
end_of_record
SF:lib/core/helpers/responsive/app_sizes_constants.dart
DA:2,0
LF:1
LH:0
end_of_record
SF:lib/core/helpers/responsive/responsive_helper_mixin.dart
DA:7,0
DA:13,0
DA:15,0
DA:16,0
DA:18,0
DA:19,0
DA:20,0
DA:27,0
DA:33,0
DA:35,0
DA:36,0
DA:38,0
DA:39,0
DA:40,0
LF:14
LH:0
end_of_record
SF:lib/features/auth/domain/entity/auth_entity.dart
DA:5,1
DA:11,0
DA:15,0
DA:16,0
DA:17,0
DA:18,0
DA:21,0
DA:22,0
LF:8
LH:1
end_of_record
SF:lib/features/auth/domain/entity/user_data_entity.dart
DA:14,3
DA:29,2
DA:33,1
DA:34,3
DA:35,3
DA:36,3
DA:37,3
DA:38,3
DA:39,3
DA:40,3
DA:41,3
DA:42,3
DA:43,3
DA:44,3
DA:45,3
DA:48,0
DA:50,0
DA:51,0
DA:52,0
DA:53,0
DA:54,0
DA:55,0
DA:56,0
DA:57,0
DA:58,0
DA:59,0
DA:60,0
DA:61,0
LF:28
LH:15
end_of_record
SF:lib/features/auth/domain/error/api_auth_error.dart
DA:3,0
DA:7,0
DA:11,0
DA:14,0
DA:15,0
DA:17,0
DA:18,0
LF:7
LH:0
end_of_record
SF:lib/features/auth/domain/error/firebase_auth_error.dart
DA:3,0
DA:7,0
DA:8,0
DA:10,0
DA:14,0
DA:15,0
DA:18,0
DA:19,0
LF:8
LH:0
end_of_record
SF:lib/features/auth/domain/error/user_data_error.dart
DA:3,1
DA:7,0
DA:8,0
DA:10,1
DA:14,1
DA:15,3
DA:18,0
DA:19,0
LF:8
LH:4
end_of_record
SF:lib/features/auth/domain/usecase/auth/auth_usecase_impl.dart
DA:19,1
DA:29,0
DA:33,0
DA:36,0
DA:40,0
DA:43,0
DA:47,0
DA:50,0
DA:54,0
DA:57,0
DA:61,0
DA:66,0
DA:70,0
DA:75,1
DA:79,2
LF:15
LH:3
end_of_record
SF:lib/core/helpers/vote_ratting/vote_ratting_calculate.dart
DA:5,1
DA:6,1
DA:7,1
DA:8,2
DA:9,1
LF:5
LH:5
end_of_record
SF:lib/features/auth/data/model/user_data_model.dart
DA:6,2
DA:21,1
DA:22,1
DA:24,1
DA:25,3
DA:27,1
DA:28,3
DA:30,1
DA:31,3
DA:33,1
DA:34,3
DA:36,1
DA:37,3
DA:39,1
DA:40,3
DA:42,1
DA:43,3
DA:45,1
DA:46,3
DA:48,1
DA:49,3
DA:51,1
DA:52,3
DA:54,1
DA:55,3
DA:57,1
DA:58,3
DA:64,1
DA:65,1
DA:66,1
DA:67,1
DA:68,1
DA:69,1
DA:70,2
DA:71,2
DA:72,1
DA:73,1
DA:74,1
DA:75,1
DA:76,1
DA:77,1
DA:80,0
DA:81,0
DA:82,0
DA:83,0
DA:84,0
DA:85,0
DA:86,0
DA:87,0
DA:88,0
DA:89,0
DA:90,0
DA:91,0
DA:92,0
DA:93,0
DA:97,0
DA:99,0
DA:100,0
LF:58
LH:41
end_of_record
SF:lib/features/auth/data/model/auth_model.dart
DA:4,1
DA:10,1
DA:11,1
DA:13,3
DA:14,3
DA:15,1
DA:16,3
DA:22,0
DA:23,0
DA:24,0
DA:25,0
DA:26,0
LF:12
LH:7
end_of_record
